<?xml version="1.0" encoding="UTF-8"?>
<testng-results skipped="0" failed="0" total="1" passed="1">
  <reporter-output>
  </reporter-output>
  <suite name="Suite" duration-ms="66" started-at="2020-05-05T09:17:39Z" finished-at="2020-05-05T09:17:39Z">
    <groups>
    </groups>
    <test name="Test" duration-ms="66" started-at="2020-05-05T09:17:39Z" finished-at="2020-05-05T09:17:39Z">
      <class name="qa.FirstTest">
        <test-method status="PASS" signature="firstTest()[pri:0, instance:qa.FirstTest@6fffcba5]" name="firstTest" duration-ms="20" started-at="2020-05-05T14:47:39Z" finished-at="2020-05-05T14:47:39Z">
          <reporter-output>
          </reporter-output>
        </test-method> <!-- firstTest -->
      </class> <!-- qa.FirstTest -->
    </test> <!-- Test -->
  </suite> <!-- Suite -->
</testng-results>
